<?xml version="1.0" encoding="UTF-8"?>
<!-- Generated by org.testng.reporters.JUnitReportReporter -->
<testsuite skipped="0" hostname="DESKTOP-ACI7R7L" name="TestRunner.AppRunnerTest" tests="4" failures="0" timestamp="2023-03-04T11:41:56 BDT" time="121.315" errors="0">
  <testcase name="runScenario" time="34.170" classname="TestRunner.AppRunnerTest"/>
  <system-out/>
  <testcase name="runScenario" time="44.456" classname="TestRunner.AppRunnerTest"/>
  <system-out/>
  <testcase name="runScenario" time="12.263" classname="TestRunner.AppRunnerTest"/>
  <system-out/>
  <testcase name="runScenario" time="30.426" classname="TestRunner.AppRunnerTest"/>
  <system-out/>
</testsuite> <!-- TestRunner.AppRunnerTest -->
